0 info it worked if it ends with ok
1 verbose cli [ 'C:\\Program Files\\nodejs\\\\node.exe',
1 verbose cli   'C:\\Program Files\\nodejs\\node_modules\\npm\\bin\\npm-cli.js',
1 verbose cli   'update',
1 verbose cli   '-g' ]
2 info using npm@2.11.3
3 info using node@v0.12.7
4 silly mapToRegistry name phonegap
5 silly mapToRegistry using default registry
6 silly mapToRegistry registry https://registry.npmjs.org/
7 silly mapToRegistry uri https://registry.npmjs.org/phonegap
8 verbose request uri https://registry.npmjs.org/phonegap
9 verbose request no auth needed
10 info attempt registry request try #1 at 13:09:42
11 verbose request id 5c3620297174802b
12 http request GET https://registry.npmjs.org/phonegap
13 http 200 https://registry.npmjs.org/phonegap
14 silly get cb [ 200,
14 silly get   { 'content-type': 'application/json; charset=UTF-8',
14 silly get     server: 'UploadServer',
14 silly get     'cache-control': 'max-age=300',
14 silly get     'last-modified': 'Tue, 6 Mar 2018 9:33:10 GMT',
14 silly get     etag: '"5a9e6056-63f9d"',
14 silly get     'x-npm-region': 'EU-West',
14 silly get     'content-encoding': 'gzip',
14 silly get     'content-length': '24087',
14 silly get     'accept-ranges': 'bytes',
14 silly get     date: 'Tue, 10 Apr 2018 11:09:49 GMT',
14 silly get     via: '1.1 varnish',
14 silly get     age: '8367',
14 silly get     connection: 'keep-alive',
14 silly get     'x-served-by': 'cache-mad9442-MAD',
14 silly get     'x-cache': 'HIT',
14 silly get     'x-cache-hits': '1',
14 silly get     'x-timer': 'S1523358590.772161,VS0,VE1',
14 silly get     vary: 'Accept-Encoding, Accept' } ]
15 verbose get saving phonegap to C:\Users\Troty\AppData\Roaming\npm-cache\registry.npmjs.org\phonegap\.cache.json
16 verbose getCacheStat cache creation not in flight; initializing
17 verbose makeCacheDir UID & GID are irrelevant on win32
18 info outdated updating [ [ 'C:\\Users\\Troty\\AppData\\Roaming\\npm',
18 info outdated     'phonegap',
18 info outdated     '6.4.3',
18 info outdated     '8.0.0',
18 info outdated     '8.0.0',
18 info outdated     'latest' ] ]
19 verbose install where, what [ 'C:\\Users\\Troty\\AppData\\Roaming\\npm',
19 verbose install   [ 'phonegap@8.0.0' ] ]
20 verbose install initial load of C:\Users\Troty\AppData\Roaming\npm\package.json
21 verbose readDependencies loading dependencies from C:\Users\Troty\AppData\Roaming\npm\package.json
22 silly cache add args [ 'phonegap@8.0.0', null ]
23 verbose cache add spec phonegap@8.0.0
24 silly cache add parsed spec { raw: 'phonegap@8.0.0',
24 silly cache add   scope: null,
24 silly cache add   name: 'phonegap',
24 silly cache add   rawSpec: '8.0.0',
24 silly cache add   spec: '8.0.0',
24 silly cache add   type: 'version' }
25 silly addNamed phonegap@8.0.0
26 verbose addNamed "8.0.0" is a plain semver version for phonegap
27 silly mapToRegistry name phonegap
28 silly mapToRegistry using default registry
29 silly mapToRegistry registry https://registry.npmjs.org/
30 silly mapToRegistry uri https://registry.npmjs.org/phonegap
31 verbose addNameVersion registry:https://registry.npmjs.org/phonegap not in flight; fetching
32 verbose get https://registry.npmjs.org/phonegap not expired, no request
33 silly mapToRegistry name phonegap
34 silly mapToRegistry using default registry
35 silly mapToRegistry registry https://registry.npmjs.org/
36 silly mapToRegistry uri https://registry.npmjs.org/phonegap
37 verbose addRemoteTarball https://registry.npmjs.org/phonegap/-/phonegap-8.0.0.tgz not in flight; adding
38 verbose addRemoteTarball [ 'https://registry.npmjs.org/phonegap/-/phonegap-8.0.0.tgz',
38 verbose addRemoteTarball   '01f148ac3cf9987d624b84e7d3cf1bb0e522ffb3' ]
39 info retry fetch attempt 1 at 13:09:43
40 info attempt registry request try #1 at 13:09:43
41 http fetch GET https://registry.npmjs.org/phonegap/-/phonegap-8.0.0.tgz
42 http fetch 200 https://registry.npmjs.org/phonegap/-/phonegap-8.0.0.tgz
43 silly fetchAndShaCheck shasum 01f148ac3cf9987d624b84e7d3cf1bb0e522ffb3
44 verbose addTmpTarball C:\Users\Troty\AppData\Local\Temp\npm-6296-0836eb07\registry.npmjs.org\phonegap\-\phonegap-8.0.0.tgz not in flight; adding
45 verbose addTmpTarball already have metadata; skipping unpack for phonegap@8.0.0
46 silly cache afterAdd phonegap@8.0.0
47 verbose afterAdd C:\Users\Troty\AppData\Roaming\npm-cache\phonegap\8.0.0\package\package.json not in flight; writing
48 verbose afterAdd C:\Users\Troty\AppData\Roaming\npm-cache\phonegap\8.0.0\package\package.json written
49 silly install resolved [ { name: 'phonegap',
49 silly install resolved     description: 'PhoneGap command-line interface and node.js library.',
49 silly install resolved     version: '8.0.0',
49 silly install resolved     license: 'Apache-2.0',
49 silly install resolved     homepage: 'http://github.com/phonegap/phonegap-cli',
49 silly install resolved     repository:
49 silly install resolved      { type: 'git',
49 silly install resolved        url: 'git://github.com/phonegap/phonegap-cli.git' },
49 silly install resolved     keywords:
49 silly install resolved      [ 'cli',
49 silly install resolved        'cordova',
49 silly install resolved        'phonegap',
49 silly install resolved        'phonegap build',
49 silly install resolved        'phonegap/build' ],
49 silly install resolved     preferGlobal: true,
49 silly install resolved     main: './lib/main.js',
49 silly install resolved     bin: { phonegap: './bin/phonegap.js' },
49 silly install resolved     scripts:
49 silly install resolved      { test: 'node node_modules/jasmine-node/bin/jasmine-node --color spec && npm run eslint',
49 silly install resolved        eslint: 'eslint ./ --ignore-path .gitignore',
49 silly install resolved        cover: 'istanbul cover --print detail -x **/spec/** node_modules/jasmine-node/bin/jasmine-node -- --color spec' },
49 silly install resolved     engineStrict: true,
49 silly install resolved     engines: { node: '>=4.0.0' },
49 silly install resolved     dependencies:
49 silly install resolved      { archiver: '^1.0.0',
49 silly install resolved        colors: '0.6.0-1',
49 silly install resolved        'connect-phonegap': '0.24.9',
49 silly install resolved        cordova: '8.0.0',
49 silly install resolved        insight: '0.8.2',
49 silly install resolved        configstore: '1.4.0',
49 silly install resolved        'os-name': '2.0.1',
49 silly install resolved        minimist: '0.1.0',
49 silly install resolved        opener: '1.4.1',
49 silly install resolved        opn: '^4.0.2',
49 silly install resolved        'phonegap-build': '0.10.0',
49 silly install resolved        pluralize: '0.0.4',
49 silly install resolved        prompt: '0.2.11',
49 silly install resolved        'qrcode-terminal': '0.9.4',
49 silly install resolved        request: '2.81.0',
49 silly install resolved        shelljs: '0.1.4',
49 silly install resolved        'update-notifier': '^0.6.0' },
49 silly install resolved     devDependencies:
49 silly install resolved      { chdir: '0.0.x',
49 silly install resolved        eslint: '^4.7.2',
49 silly install resolved        'eslint-config-semistandard': '^11.0.0',
49 silly install resolved        'eslint-config-standard': '^10.2.1',
49 silly install resolved        'eslint-plugin-import': '^2.7.0',
49 silly install resolved        'eslint-plugin-node': '^5.1.1',
49 silly install resolved        'eslint-plugin-promise': '^3.5.0',
49 silly install resolved        'eslint-plugin-standard': '^3.0.1',
49 silly install resolved        'jasmine-node': '1.14.5',
49 silly install resolved        istanbul: '0.4.5' },
49 silly install resolved     optionalDependencies: {},
49 silly install resolved     contributors:
49 silly install resolved      [ [Object],
49 silly install resolved        [Object],
49 silly install resolved        [Object],
49 silly install resolved        [Object],
49 silly install resolved        [Object],
49 silly install resolved        [Object],
49 silly install resolved        [Object] ],
49 silly install resolved     templates:
49 silly install resolved      { blank: [Object],
49 silly install resolved        'csdk-image-editor': [Object],
49 silly install resolved        'hello-world': [Object],
49 silly install resolved        framework7: [Object],
49 silly install resolved        push: [Object],
49 silly install resolved        'react-hot-loader': [Object],
49 silly install resolved        'star-track': [Object],
49 silly install resolved        webvr: [Object],
49 silly install resolved        'wikitude-augmented-reality': [Object] },
49 silly install resolved     gitHead: '4998dbe784d7a202467f502af40ad23ab92b13fc',
49 silly install resolved     bugs: { url: 'https://github.com/phonegap/phonegap-cli/issues' },
49 silly install resolved     _id: 'phonegap@8.0.0',
49 silly install resolved     _npmVersion: '5.6.0',
49 silly install resolved     _nodeVersion: '8.9.4',
49 silly install resolved     _npmUser: { name: 'purplecabbage', email: 'purplecabbage@gmail.com' },
49 silly install resolved     dist:
49 silly install resolved      { integrity: 'sha512-YDrPptCBPCbOIWHy2kGENktX2ZpIYAaRHDU3i1SIkxITqKNys1a+e/wwhqBvl0r0LfWaIA3IMdacvi+ZPPLbXw==',
49 silly install resolved        shasum: '01f148ac3cf9987d624b84e7d3cf1bb0e522ffb3',
49 silly install resolved        tarball: 'https://registry.npmjs.org/phonegap/-/phonegap-8.0.0.tgz',
49 silly install resolved        fileCount: 164,
49 silly install resolved        unpackedSize: 366824 },
49 silly install resolved     maintainers:
49 silly install resolved      [ [Object],
49 silly install resolved        [Object],
49 silly install resolved        [Object],
49 silly install resolved        [Object],
49 silly install resolved        [Object],
49 silly install resolved        [Object],
49 silly install resolved        [Object],
49 silly install resolved        [Object],
49 silly install resolved        [Object] ],
49 silly install resolved     directories: {},
49 silly install resolved     _npmOperationalInternal:
49 silly install resolved      { host: 's3://npm-registry-packages',
49 silly install resolved        tmp: 'tmp/phonegap_8.0.0_1520328788747_0.6450298969994148' },
49 silly install resolved     _shasum: '01f148ac3cf9987d624b84e7d3cf1bb0e522ffb3',
49 silly install resolved     _resolved: 'https://registry.npmjs.org/phonegap/-/phonegap-8.0.0.tgz',
49 silly install resolved     _from: 'phonegap@8.0.0' } ]
50 info install phonegap@8.0.0 into C:\Users\Troty\AppData\Roaming\npm
51 info installOne phonegap@8.0.0
52 verbose installOne of phonegap to C:\Users\Troty\AppData\Roaming\npm not in flight; installing
53 verbose lock using C:\Users\Troty\AppData\Roaming\npm-cache\_locks\phonegap-d2997f3165047144.lock for C:\Users\Troty\AppData\Roaming\npm\node_modules\phonegap
54 verbose unlock done using C:\Users\Troty\AppData\Roaming\npm-cache\_locks\phonegap-d2997f3165047144.lock for C:\Users\Troty\AppData\Roaming\npm\node_modules\phonegap
55 verbose stack Error: Unsupported
55 verbose stack     at checkEngine (C:\Program Files\nodejs\node_modules\npm\node_modules\npm-install-checks\index.js:16:16)
55 verbose stack     at Array.<anonymous> (C:\Program Files\nodejs\node_modules\npm\node_modules\slide\lib\bind-actor.js:15:8)
55 verbose stack     at LOOP (C:\Program Files\nodejs\node_modules\npm\node_modules\slide\lib\chain.js:15:14)
55 verbose stack     at chain (C:\Program Files\nodejs\node_modules\npm\node_modules\slide\lib\chain.js:20:5)
55 verbose stack     at C:\Program Files\nodejs\node_modules\npm\lib\install.js:1037:5
55 verbose stack     at C:\Program Files\nodejs\node_modules\npm\lib\utils\locker.js:40:9
55 verbose stack     at cb (C:\Program Files\nodejs\node_modules\npm\node_modules\lockfile\lockfile.js:149:38)
55 verbose stack     at C:\Program Files\nodejs\node_modules\npm\node_modules\lockfile\lockfile.js:171:16
55 verbose stack     at FSReqWrap.oncomplete (fs.js:95:15)
56 verbose pkgid phonegap@8.0.0
57 verbose cwd C:\Users\Troty\Documents\Proyectos\golf\app\GolfinUp\GolfinUp
58 error Windows_NT 6.3.9600
59 error argv "C:\\Program Files\\nodejs\\\\node.exe" "C:\\Program Files\\nodejs\\node_modules\\npm\\bin\\npm-cli.js" "update" "-g"
60 error node v0.12.7
61 error npm  v2.11.3
62 error code ENOTSUP
63 error notsup Unsupported
63 error notsup Not compatible with your version of node/npm: phonegap@8.0.0
63 error notsup Required: {"node":">=4.0.0"}
63 error notsup Actual:   {"npm":"2.11.3","node":"0.12.7"}
64 verbose exit [ 1, true ]
